2024-04-10 11:29:19,325 [Worker-6: Loading available Gradle versions] INFO  o.e.b.c.i.u.g.PublishedGradleVersions - Gradle version information cache is up-to-date. Trying to read.
2024-04-10 11:30:21,938 [Worker-5: Importing Maven projects] INFO  o.e.m.c.i.l.LifecycleMappingFactory - Using org.eclipse.m2e.jdt.JarLifecycleMapping lifecycle mapping for MavenProject: com.log:User-Service:0.0.1-SNAPSHOT @ C:\Users\AHIRAY\Desktop\ECommerce\User-Service\pom.xml.
2024-04-10 11:30:28,708 [Worker-5: Importing Maven projects] INFO  o.e.m.j.i.AbstractJavaProjectConfigurator - Adding source folder /User-Service/src/main/java
2024-04-10 11:30:28,710 [Worker-5: Importing Maven projects] INFO  o.e.m.j.i.AbstractJavaProjectConfigurator - Adding resource folder /User-Service/src/main/resources
2024-04-10 11:30:28,711 [Worker-5: Importing Maven projects] INFO  o.e.m.j.i.AbstractJavaProjectConfigurator - Adding resource folder /User-Service/src/main/resources
2024-04-10 11:30:28,714 [Worker-5: Importing Maven projects] INFO  o.e.m.j.i.AbstractJavaProjectConfigurator - Adding source folder /User-Service/src/test/java
2024-04-10 11:30:30,657 [Worker-5: Importing Maven projects] INFO  o.e.m.c.i.p.ProjectConfigurationManager - Imported and configured 1 project(s) in 14 sec
2024-04-10 11:30:37,117 [Worker-5: Building] INFO  o.a.m.s.f.DefaultMavenResourcesFiltering - Copying 1 resource from src\main\resources to target\classes
2024-04-10 11:30:37,200 [Worker-5: Building] INFO  o.a.m.s.f.DefaultMavenResourcesFiltering - Copying 0 resource from src\main\resources to target\classes
2024-04-10 11:30:37,212 [Worker-5: Building] INFO  o.a.m.s.f.DefaultMavenResourcesFiltering - skip non existing resourceDirectory C:\Users\AHIRAY\Desktop\ECommerce\User-Service\src\test\resources
2024-04-10 11:31:18,108 [Worker-1: Importing Maven projects] INFO  o.e.m.c.i.l.LifecycleMappingFactory - Using org.eclipse.m2e.jdt.JarLifecycleMapping lifecycle mapping for MavenProject: com.art:Shoppingcart:0.0.1-SNAPSHOT @ C:\Users\AHIRAY\Desktop\ECommerce\Shoppingcart\pom.xml.
2024-04-10 11:31:19,774 [Worker-1: Importing Maven projects] WARN  o.e.m.c.i.embedder.EclipseLogger - The POM for com.product:Product_Management_Backend:jar:0.0.1-SNAPSHOT is missing, no dependency information available
2024-04-10 11:31:19,951 [Worker-1: Importing Maven projects] INFO  o.e.m.c.i.p.WorkspaceClassifierResolverManager - Resolving P/User-Service: com.log:User-Service:0.0.1-SNAPSHOT with classifier  to /User-Service/target/classes
2024-04-10 11:31:21,290 [Worker-1: Importing Maven projects] INFO  o.e.m.j.i.AbstractJavaProjectConfigurator - Adding source folder /Shoppingcart/src/main/java
2024-04-10 11:31:21,291 [Worker-1: Importing Maven projects] INFO  o.e.m.j.i.AbstractJavaProjectConfigurator - Adding resource folder /Shoppingcart/src/main/resources
2024-04-10 11:31:21,292 [Worker-1: Importing Maven projects] INFO  o.e.m.j.i.AbstractJavaProjectConfigurator - Adding resource folder /Shoppingcart/src/main/resources
2024-04-10 11:31:21,294 [Worker-1: Importing Maven projects] INFO  o.e.m.j.i.AbstractJavaProjectConfigurator - Adding source folder /Shoppingcart/src/test/java
2024-04-10 11:31:23,293 [Worker-1: Importing Maven projects] INFO  o.e.m.c.i.p.ProjectConfigurationManager - Imported and configured 1 project(s) in 6 sec
2024-04-10 11:31:23,715 [Worker-6: Building] INFO  o.a.m.s.f.DefaultMavenResourcesFiltering - Copying 1 resource from src\main\resources to target\classes
2024-04-10 11:31:23,728 [Worker-6: Building] INFO  o.a.m.s.f.DefaultMavenResourcesFiltering - Copying 0 resource from src\main\resources to target\classes
2024-04-10 11:31:23,741 [Worker-6: Building] INFO  o.a.m.s.f.DefaultMavenResourcesFiltering - skip non existing resourceDirectory C:\Users\AHIRAY\Desktop\ECommerce\Shoppingcart\src\test\resources
2024-04-10 11:32:24,854 [Worker-4: Importing Maven projects] INFO  o.e.m.c.i.l.LifecycleMappingFactory - Using org.eclipse.m2e.jdt.JarLifecycleMapping lifecycle mapping for MavenProject: com.log:Register:0.0.1-SNAPSHOT @ C:\Users\AHIRAY\Desktop\ECommerce\Register\pom.xml.
2024-04-10 11:32:27,471 [Worker-4: Importing Maven projects] INFO  o.e.m.j.i.AbstractJavaProjectConfigurator - Adding source folder /Register/src/main/java
2024-04-10 11:32:27,471 [Worker-4: Importing Maven projects] INFO  o.e.m.j.i.AbstractJavaProjectConfigurator - Adding resource folder /Register/src/main/resources
2024-04-10 11:32:27,472 [Worker-4: Importing Maven projects] INFO  o.e.m.j.i.AbstractJavaProjectConfigurator - Adding resource folder /Register/src/main/resources
2024-04-10 11:32:27,473 [Worker-4: Importing Maven projects] INFO  o.e.m.j.i.AbstractJavaProjectConfigurator - Adding source folder /Register/src/test/java
2024-04-10 11:32:28,735 [Worker-4: Importing Maven projects] INFO  o.e.m.c.i.p.ProjectConfigurationManager - Imported and configured 1 project(s) in 4 sec
2024-04-10 11:32:29,828 [Worker-19: Building] INFO  o.a.m.s.f.DefaultMavenResourcesFiltering - Copying 1 resource from src\main\resources to target\classes
2024-04-10 11:32:29,838 [Worker-19: Building] INFO  o.a.m.s.f.DefaultMavenResourcesFiltering - Copying 0 resource from src\main\resources to target\classes
2024-04-10 11:32:29,847 [Worker-19: Building] INFO  o.a.m.s.f.DefaultMavenResourcesFiltering - skip non existing resourceDirectory C:\Users\AHIRAY\Desktop\ECommerce\Register\src\test\resources
2024-04-10 11:32:48,623 [Worker-19: Importing Maven projects] INFO  o.e.m.c.i.l.LifecycleMappingFactory - Using org.eclipse.m2e.jdt.JarLifecycleMapping lifecycle mapping for MavenProject: com.product:Product_Management_Backend:0.0.1-SNAPSHOT @ C:\Users\AHIRAY\Desktop\ECommerce\Product_Management_Backend\pom.xml.
2024-04-10 11:32:50,448 [Worker-19: Importing Maven projects] INFO  o.e.m.c.i.l.LifecycleMappingFactory - Using org.eclipse.m2e.jdt.JarLifecycleMapping lifecycle mapping for MavenProject: com.art:Shoppingcart:0.0.1-SNAPSHOT @ C:\Users\AHIRAY\Desktop\ECommerce\Shoppingcart\pom.xml.
2024-04-10 11:32:50,946 [Worker-19: Importing Maven projects] INFO  o.e.m.c.i.p.WorkspaceClassifierResolverManager - Resolving P/User-Service: com.log:User-Service:0.0.1-SNAPSHOT with classifier  to /User-Service/target/classes
2024-04-10 11:32:50,953 [Worker-19: Importing Maven projects] INFO  o.e.m.c.i.p.WorkspaceClassifierResolverManager - Resolving P/Product_Management_Backend: com.product:Product_Management_Backend:0.0.1-SNAPSHOT with classifier  to /Product_Management_Backend/target/classes
2024-04-10 11:32:53,430 [Worker-19: Importing Maven projects] INFO  o.e.m.j.i.AbstractJavaProjectConfigurator - Adding source folder /Product_Management_Backend/src/main/java
2024-04-10 11:32:53,432 [Worker-19: Importing Maven projects] INFO  o.e.m.j.i.AbstractJavaProjectConfigurator - Adding resource folder /Product_Management_Backend/src/main/resources
2024-04-10 11:32:53,433 [Worker-19: Importing Maven projects] INFO  o.e.m.j.i.AbstractJavaProjectConfigurator - Adding resource folder /Product_Management_Backend/src/main/resources
2024-04-10 11:32:53,438 [Worker-19: Importing Maven projects] INFO  o.e.m.j.i.AbstractJavaProjectConfigurator - Adding source folder /Product_Management_Backend/src/test/java
2024-04-10 11:32:54,692 [Worker-19: Importing Maven projects] INFO  o.e.m.c.i.p.ProjectConfigurationManager - Imported and configured 1 project(s) in 6 sec
2024-04-10 11:32:55,825 [Worker-4: Building] INFO  o.a.m.s.f.DefaultMavenResourcesFiltering - Copying 1 resource from src\main\resources to target\classes
2024-04-10 11:32:55,878 [Worker-4: Building] INFO  o.a.m.s.f.DefaultMavenResourcesFiltering - Copying 9 resources from src\main\resources to target\classes
2024-04-10 11:32:56,083 [Worker-4: Building] INFO  o.a.m.s.f.DefaultMavenResourcesFiltering - skip non existing resourceDirectory C:\Users\AHIRAY\Desktop\ECommerce\Product_Management_Backend\src\test\resources
2024-04-10 11:32:57,153 [Worker-4: Building] INFO  o.a.m.s.f.DefaultMavenResourcesFiltering - Copying 1 resource from src\main\resources to target\classes
2024-04-10 11:32:57,164 [Worker-4: Building] INFO  o.a.m.s.f.DefaultMavenResourcesFiltering - Copying 0 resource from src\main\resources to target\classes
2024-04-10 11:32:57,177 [Worker-4: Building] INFO  o.a.m.s.f.DefaultMavenResourcesFiltering - skip non existing resourceDirectory C:\Users\AHIRAY\Desktop\ECommerce\Shoppingcart\src\test\resources
2024-04-10 11:37:47,749 [Worker-5: Loading available Gradle versions] INFO  o.e.b.c.i.u.g.PublishedGradleVersions - Gradle version information cache is up-to-date. Trying to read.
2024-04-10 11:38:01,359 [Worker-3: Building] INFO  o.a.m.s.f.DefaultMavenResourcesFiltering - Copying 1 resource from src\main\resources to target\classes
2024-04-10 11:38:01,429 [Worker-3: Building] INFO  o.a.m.s.f.DefaultMavenResourcesFiltering - Copying 9 resources from src\main\resources to target\classes
2024-04-10 11:38:09,587 [Worker-3: Building] INFO  o.a.m.s.f.DefaultMavenResourcesFiltering - skip non existing resourceDirectory C:\Users\AHIRAY\Desktop\ECommerce\Product_Management_Backend\src\test\resources
2024-04-10 11:38:13,550 [Worker-3: Building] INFO  o.a.m.s.f.DefaultMavenResourcesFiltering - Copying 1 resource from src\main\resources to target\classes
2024-04-10 11:38:13,560 [Worker-3: Building] INFO  o.a.m.s.f.DefaultMavenResourcesFiltering - Copying 0 resource from src\main\resources to target\classes
2024-04-10 11:38:13,570 [Worker-3: Building] INFO  o.a.m.s.f.DefaultMavenResourcesFiltering - skip non existing resourceDirectory C:\Users\AHIRAY\Desktop\ECommerce\Register\src\test\resources
2024-04-10 11:38:17,133 [Worker-3: Building] INFO  o.a.m.s.f.DefaultMavenResourcesFiltering - Copying 1 resource from src\main\resources to target\classes
2024-04-10 11:38:17,143 [Worker-3: Building] INFO  o.a.m.s.f.DefaultMavenResourcesFiltering - Copying 0 resource from src\main\resources to target\classes
2024-04-10 11:38:17,153 [Worker-3: Building] INFO  o.a.m.s.f.DefaultMavenResourcesFiltering - skip non existing resourceDirectory C:\Users\AHIRAY\Desktop\ECommerce\User-Service\src\test\resources
2024-04-10 11:38:21,758 [Worker-3: Building] INFO  o.e.m.c.i.p.WorkspaceClassifierResolverManager - Resolving P/User-Service: com.log:User-Service:0.0.1-SNAPSHOT with classifier  to /User-Service/target/classes
2024-04-10 11:38:21,770 [Worker-3: Building] INFO  o.e.m.c.i.p.WorkspaceClassifierResolverManager - Resolving P/Product_Management_Backend: com.product:Product_Management_Backend:0.0.1-SNAPSHOT with classifier  to /Product_Management_Backend/target/classes
2024-04-10 11:38:21,801 [Worker-3: Building] INFO  o.a.m.s.f.DefaultMavenResourcesFiltering - Copying 1 resource from src\main\resources to target\classes
2024-04-10 11:38:21,812 [Worker-3: Building] INFO  o.a.m.s.f.DefaultMavenResourcesFiltering - Copying 0 resource from src\main\resources to target\classes
2024-04-10 11:38:21,823 [Worker-3: Building] INFO  o.a.m.s.f.DefaultMavenResourcesFiltering - skip non existing resourceDirectory C:\Users\AHIRAY\Desktop\ECommerce\Shoppingcart\src\test\resources
2024-04-10 11:39:25,738 [Worker-6: Importing Maven projects] INFO  o.e.m.c.i.l.LifecycleMappingFactory - Using org.eclipse.m2e.jdt.JarLifecycleMapping lifecycle mapping for MavenProject: com.art:Shoppingcart:0.0.1-SNAPSHOT @ C:\Users\AHIRAY\Desktop\ECommerce\Shoppingcart\pom.xml.
2024-04-10 11:39:27,235 [Worker-6: Importing Maven projects] INFO  o.e.m.c.i.p.WorkspaceClassifierResolverManager - Resolving P/User-Service: com.log:User-Service:0.0.1-SNAPSHOT with classifier  to /User-Service/target/classes
2024-04-10 11:39:27,241 [Worker-6: Importing Maven projects] INFO  o.e.m.c.i.p.WorkspaceClassifierResolverManager - Resolving P/Product_Management_Backend: com.product:Product_Management_Backend:0.0.1-SNAPSHOT with classifier  to /Product_Management_Backend/target/classes
2024-04-10 11:39:29,579 [Worker-6: Importing Maven projects] INFO  o.e.m.j.i.AbstractJavaProjectConfigurator - Adding source folder /Shoppingcart/src/main/java
2024-04-10 11:39:29,580 [Worker-6: Importing Maven projects] INFO  o.e.m.j.i.AbstractJavaProjectConfigurator - Adding resource folder /Shoppingcart/src/main/resources
2024-04-10 11:39:29,581 [Worker-6: Importing Maven projects] INFO  o.e.m.j.i.AbstractJavaProjectConfigurator - Adding resource folder /Shoppingcart/src/main/resources
2024-04-10 11:39:29,583 [Worker-6: Importing Maven projects] INFO  o.e.m.j.i.AbstractJavaProjectConfigurator - Adding source folder /Shoppingcart/src/test/java
2024-04-10 11:39:32,385 [Worker-6: Importing Maven projects] INFO  o.e.m.c.i.p.ProjectConfigurationManager - Imported and configured 1 project(s) in 8 sec
2024-04-10 11:39:34,513 [Worker-9: Building] INFO  o.a.m.s.f.DefaultMavenResourcesFiltering - Copying 1 resource from src\main\resources to target\classes
2024-04-10 11:39:34,570 [Worker-9: Building] INFO  o.a.m.s.f.DefaultMavenResourcesFiltering - Copying 0 resource from src\main\resources to target\classes
2024-04-10 11:39:34,593 [Worker-9: Building] INFO  o.a.m.s.f.DefaultMavenResourcesFiltering - skip non existing resourceDirectory C:\Users\AHIRAY\Desktop\ECommerce\Shoppingcart\src\test\resources
2024-04-10 11:43:06,941 [Worker-14: Launching ShoppingcartApplication] INFO  o.e.m.c.i.p.WorkspaceClassifierResolverManager - Resolving P/User-Service: com.log:User-Service:0.0.1-SNAPSHOT with classifier null to /User-Service/target/classes
2024-04-10 11:43:06,945 [Worker-14: Launching ShoppingcartApplication] INFO  o.e.m.c.i.p.WorkspaceClassifierResolverManager - Resolving P/Product_Management_Backend: com.product:Product_Management_Backend:0.0.1-SNAPSHOT with classifier null to /Product_Management_Backend/target/classes
2024-04-10 11:43:07,580 [Worker-14: Launching ShoppingcartApplication] INFO  o.e.m.c.i.p.WorkspaceClassifierResolverManager - Resolving P/User-Service: com.log:User-Service:0.0.1-SNAPSHOT with classifier null to /User-Service/target/classes
2024-04-10 11:43:07,581 [Worker-14: Launching ShoppingcartApplication] INFO  o.e.m.c.i.p.WorkspaceClassifierResolverManager - Resolving P/Product_Management_Backend: com.product:Product_Management_Backend:0.0.1-SNAPSHOT with classifier null to /Product_Management_Backend/target/classes
2024-04-10 11:43:08,317 [Worker-14: Launching ShoppingcartApplication] INFO  o.e.m.c.i.p.WorkspaceClassifierResolverManager - Resolving P/User-Service: com.log:User-Service:0.0.1-SNAPSHOT with classifier null to /User-Service/target/classes
2024-04-10 11:43:08,319 [Worker-14: Launching ShoppingcartApplication] INFO  o.e.m.c.i.p.WorkspaceClassifierResolverManager - Resolving P/Product_Management_Backend: com.product:Product_Management_Backend:0.0.1-SNAPSHOT with classifier null to /Product_Management_Backend/target/classes
2024-04-10 11:49:32,666 [Worker-28: Building] INFO  o.a.m.s.f.DefaultMavenResourcesFiltering - Copying 1 resource from src\main\resources to target\classes
2024-04-10 11:49:32,684 [Worker-28: Building] INFO  o.a.m.s.f.DefaultMavenResourcesFiltering - Copying 0 resource from src\main\resources to target\classes
2024-04-10 11:49:32,696 [Worker-28: Building] INFO  o.a.m.s.f.DefaultMavenResourcesFiltering - skip non existing resourceDirectory C:\Users\AHIRAY\Desktop\ECommerce\Shoppingcart\src\test\resources
2024-04-10 11:56:00,121 [Worker-28: Building] INFO  o.a.m.s.f.DefaultMavenResourcesFiltering - Copying 1 resource from src\main\resources to target\classes
2024-04-10 11:56:00,135 [Worker-28: Building] INFO  o.a.m.s.f.DefaultMavenResourcesFiltering - Copying 0 resource from src\main\resources to target\classes
2024-04-10 11:56:00,145 [Worker-28: Building] INFO  o.a.m.s.f.DefaultMavenResourcesFiltering - skip non existing resourceDirectory C:\Users\AHIRAY\Desktop\ECommerce\Shoppingcart\src\test\resources
2024-04-10 11:56:16,830 [Worker-31: Building] INFO  o.a.m.s.f.DefaultMavenResourcesFiltering - Copying 1 resource from src\main\resources to target\classes
2024-04-10 11:56:16,842 [Worker-31: Building] INFO  o.a.m.s.f.DefaultMavenResourcesFiltering - Copying 0 resource from src\main\resources to target\classes
2024-04-10 11:56:16,854 [Worker-31: Building] INFO  o.a.m.s.f.DefaultMavenResourcesFiltering - skip non existing resourceDirectory C:\Users\AHIRAY\Desktop\ECommerce\Shoppingcart\src\test\resources
2024-04-10 11:59:54,619 [Worker-32: Building] INFO  o.a.m.s.f.DefaultMavenResourcesFiltering - Copying 1 resource from src\main\resources to target\classes
2024-04-10 11:59:54,632 [Worker-32: Building] INFO  o.a.m.s.f.DefaultMavenResourcesFiltering - Copying 0 resource from src\main\resources to target\classes
2024-04-10 11:59:54,640 [Worker-32: Building] INFO  o.a.m.s.f.DefaultMavenResourcesFiltering - skip non existing resourceDirectory C:\Users\AHIRAY\Desktop\ECommerce\Shoppingcart\src\test\resources
2024-04-10 12:35:30,978 [Worker-42: Building] INFO  o.a.m.s.f.DefaultMavenResourcesFiltering - Copying 1 resource from src\main\resources to target\classes
2024-04-10 12:35:31,010 [Worker-42: Building] INFO  o.a.m.s.f.DefaultMavenResourcesFiltering - Copying 0 resource from src\main\resources to target\classes
2024-04-10 12:35:31,027 [Worker-42: Building] INFO  o.a.m.s.f.DefaultMavenResourcesFiltering - skip non existing resourceDirectory C:\Users\AHIRAY\Desktop\ECommerce\Shoppingcart\src\test\resources
2024-04-10 12:36:00,702 [Worker-43: Building] INFO  o.a.m.s.f.DefaultMavenResourcesFiltering - Copying 1 resource from src\main\resources to target\classes
2024-04-10 12:36:00,781 [Worker-43: Building] INFO  o.a.m.s.f.DefaultMavenResourcesFiltering - Copying 0 resource from src\main\resources to target\classes
2024-04-10 12:36:00,794 [Worker-43: Building] INFO  o.a.m.s.f.DefaultMavenResourcesFiltering - skip non existing resourceDirectory C:\Users\AHIRAY\Desktop\ECommerce\Shoppingcart\src\test\resources
2024-04-10 12:36:11,966 [Worker-42: Building] INFO  o.a.m.s.f.DefaultMavenResourcesFiltering - Copying 1 resource from src\main\resources to target\classes
2024-04-10 12:36:11,983 [Worker-42: Building] INFO  o.a.m.s.f.DefaultMavenResourcesFiltering - Copying 0 resource from src\main\resources to target\classes
2024-04-10 12:36:11,993 [Worker-42: Building] INFO  o.a.m.s.f.DefaultMavenResourcesFiltering - skip non existing resourceDirectory C:\Users\AHIRAY\Desktop\ECommerce\Shoppingcart\src\test\resources
2024-04-10 13:53:08,558 [Worker-1: Loading available Gradle versions] INFO  o.e.b.c.i.u.g.PublishedGradleVersions - Gradle version information cache is up-to-date. Trying to read.
2024-04-10 13:53:33,899 [Worker-15: Building] INFO  o.a.m.s.f.DefaultMavenResourcesFiltering - Copying 1 resource from src\main\resources to target\classes
2024-04-10 13:53:33,957 [Worker-15: Building] INFO  o.a.m.s.f.DefaultMavenResourcesFiltering - Copying 9 resources from src\main\resources to target\classes
2024-04-10 13:53:34,957 [Worker-15: Building] INFO  o.a.m.s.f.DefaultMavenResourcesFiltering - skip non existing resourceDirectory C:\Users\AHIRAY\Desktop\ECommerce\Product_Management_Backend\src\test\resources
2024-04-10 13:53:39,053 [Worker-15: Building] INFO  o.a.m.s.f.DefaultMavenResourcesFiltering - Copying 1 resource from src\main\resources to target\classes
2024-04-10 13:53:39,061 [Worker-15: Building] INFO  o.a.m.s.f.DefaultMavenResourcesFiltering - Copying 0 resource from src\main\resources to target\classes
2024-04-10 13:53:39,080 [Worker-15: Building] INFO  o.a.m.s.f.DefaultMavenResourcesFiltering - skip non existing resourceDirectory C:\Users\AHIRAY\Desktop\ECommerce\Register\src\test\resources
2024-04-10 13:53:42,411 [Worker-20: Building] INFO  o.a.m.s.f.DefaultMavenResourcesFiltering - Copying 1 resource from src\main\resources to target\classes
2024-04-10 13:53:42,419 [Worker-20: Building] INFO  o.a.m.s.f.DefaultMavenResourcesFiltering - Copying 0 resource from src\main\resources to target\classes
2024-04-10 13:53:42,426 [Worker-20: Building] INFO  o.a.m.s.f.DefaultMavenResourcesFiltering - skip non existing resourceDirectory C:\Users\AHIRAY\Desktop\ECommerce\User-Service\src\test\resources
2024-04-10 13:53:47,950 [Worker-20: Building] INFO  o.e.m.c.i.p.WorkspaceClassifierResolverManager - Resolving P/User-Service: com.log:User-Service:0.0.1-SNAPSHOT with classifier  to /User-Service/target/classes
2024-04-10 13:53:47,960 [Worker-20: Building] INFO  o.e.m.c.i.p.WorkspaceClassifierResolverManager - Resolving P/Product_Management_Backend: com.product:Product_Management_Backend:0.0.1-SNAPSHOT with classifier  to /Product_Management_Backend/target/classes
2024-04-10 13:53:47,984 [Worker-20: Building] INFO  o.a.m.s.f.DefaultMavenResourcesFiltering - Copying 1 resource from src\main\resources to target\classes
2024-04-10 13:53:47,991 [Worker-20: Building] INFO  o.a.m.s.f.DefaultMavenResourcesFiltering - Copying 0 resource from src\main\resources to target\classes
2024-04-10 13:53:47,999 [Worker-20: Building] INFO  o.a.m.s.f.DefaultMavenResourcesFiltering - skip non existing resourceDirectory C:\Users\AHIRAY\Desktop\ECommerce\Shoppingcart\src\test\resources
2024-04-10 13:53:54,630 [Worker-8: Building] INFO  o.a.m.s.f.DefaultMavenResourcesFiltering - Copying 1 resource from src\main\resources to target\classes
2024-04-10 13:53:54,654 [Worker-8: Building] INFO  o.a.m.s.f.DefaultMavenResourcesFiltering - Copying 0 resource from src\main\resources to target\classes
2024-04-10 13:53:54,663 [Worker-8: Building] INFO  o.a.m.s.f.DefaultMavenResourcesFiltering - skip non existing resourceDirectory C:\Users\AHIRAY\Desktop\ECommerce\Shoppingcart\src\test\resources
2024-04-10 13:57:06,727 [Worker-20: Building] INFO  o.a.m.s.f.DefaultMavenResourcesFiltering - Copying 1 resource from src\main\resources to target\classes
2024-04-10 13:57:06,766 [Worker-20: Building] INFO  o.a.m.s.f.DefaultMavenResourcesFiltering - Copying 0 resource from src\main\resources to target\classes
2024-04-10 13:57:06,773 [Worker-20: Building] INFO  o.a.m.s.f.DefaultMavenResourcesFiltering - skip non existing resourceDirectory C:\Users\AHIRAY\Desktop\ECommerce\Shoppingcart\src\test\resources
2024-04-10 13:57:32,946 [Worker-19: Building] INFO  o.a.m.s.f.DefaultMavenResourcesFiltering - Copying 1 resource from src\main\resources to target\classes
2024-04-10 13:57:32,950 [Worker-19: Building] INFO  o.a.m.s.f.DefaultMavenResourcesFiltering - Copying 0 resource from src\main\resources to target\classes
2024-04-10 13:57:32,980 [Worker-19: Building] INFO  o.a.m.s.f.DefaultMavenResourcesFiltering - skip non existing resourceDirectory C:\Users\AHIRAY\Desktop\ECommerce\Shoppingcart\src\test\resources
2024-04-10 13:59:12,864 [Worker-20: Building] INFO  o.a.m.s.f.DefaultMavenResourcesFiltering - Copying 1 resource from src\main\resources to target\classes
2024-04-10 13:59:12,896 [Worker-20: Building] INFO  o.a.m.s.f.DefaultMavenResourcesFiltering - Copying 0 resource from src\main\resources to target\classes
2024-04-10 13:59:12,903 [Worker-20: Building] INFO  o.a.m.s.f.DefaultMavenResourcesFiltering - skip non existing resourceDirectory C:\Users\AHIRAY\Desktop\ECommerce\Shoppingcart\src\test\resources
2024-04-10 13:59:23,541 [Worker-26: Building] INFO  o.a.m.s.f.DefaultMavenResourcesFiltering - Copying 1 resource from src\main\resources to target\classes
2024-04-10 13:59:23,546 [Worker-26: Building] INFO  o.a.m.s.f.DefaultMavenResourcesFiltering - Copying 0 resource from src\main\resources to target\classes
2024-04-10 13:59:23,551 [Worker-26: Building] INFO  o.a.m.s.f.DefaultMavenResourcesFiltering - skip non existing resourceDirectory C:\Users\AHIRAY\Desktop\ECommerce\Shoppingcart\src\test\resources
2024-04-10 14:00:03,618 [Worker-23: Building] INFO  o.a.m.s.f.DefaultMavenResourcesFiltering - Copying 1 resource from src\main\resources to target\classes
2024-04-10 14:00:03,622 [Worker-23: Building] INFO  o.a.m.s.f.DefaultMavenResourcesFiltering - Copying 0 resource from src\main\resources to target\classes
2024-04-10 14:00:03,625 [Worker-23: Building] INFO  o.a.m.s.f.DefaultMavenResourcesFiltering - skip non existing resourceDirectory C:\Users\AHIRAY\Desktop\ECommerce\Shoppingcart\src\test\resources
2024-04-10 14:00:19,251 [Worker-19: Building] INFO  o.a.m.s.f.DefaultMavenResourcesFiltering - Copying 1 resource from src\main\resources to target\classes
2024-04-10 14:00:19,265 [Worker-19: Building] INFO  o.a.m.s.f.DefaultMavenResourcesFiltering - Copying 0 resource from src\main\resources to target\classes
2024-04-10 14:00:19,269 [Worker-19: Building] INFO  o.a.m.s.f.DefaultMavenResourcesFiltering - skip non existing resourceDirectory C:\Users\AHIRAY\Desktop\ECommerce\Shoppingcart\src\test\resources
2024-04-10 14:04:05,721 [Worker-25: Building] INFO  o.a.m.s.f.DefaultMavenResourcesFiltering - Copying 1 resource from src\main\resources to target\classes
2024-04-10 14:04:05,727 [Worker-25: Building] INFO  o.a.m.s.f.DefaultMavenResourcesFiltering - Copying 0 resource from src\main\resources to target\classes
2024-04-10 14:04:05,730 [Worker-25: Building] INFO  o.a.m.s.f.DefaultMavenResourcesFiltering - skip non existing resourceDirectory C:\Users\AHIRAY\Desktop\ECommerce\Shoppingcart\src\test\resources
2024-04-10 14:06:55,047 [Worker-19: Building] INFO  o.a.m.s.f.DefaultMavenResourcesFiltering - Copying 1 resource from src\main\resources to target\classes
2024-04-10 14:06:55,059 [Worker-19: Building] INFO  o.a.m.s.f.DefaultMavenResourcesFiltering - Copying 0 resource from src\main\resources to target\classes
2024-04-10 14:06:55,064 [Worker-19: Building] INFO  o.a.m.s.f.DefaultMavenResourcesFiltering - skip non existing resourceDirectory C:\Users\AHIRAY\Desktop\ECommerce\Shoppingcart\src\test\resources
2024-04-10 14:08:37,863 [Worker-27: Building] INFO  o.a.m.s.f.DefaultMavenResourcesFiltering - Copying 1 resource from src\main\resources to target\classes
2024-04-10 14:08:37,868 [Worker-27: Building] INFO  o.a.m.s.f.DefaultMavenResourcesFiltering - Copying 0 resource from src\main\resources to target\classes
2024-04-10 14:08:37,872 [Worker-27: Building] INFO  o.a.m.s.f.DefaultMavenResourcesFiltering - skip non existing resourceDirectory C:\Users\AHIRAY\Desktop\ECommerce\Shoppingcart\src\test\resources
2024-04-10 14:12:22,897 [Worker-28: Building] INFO  o.a.m.s.f.DefaultMavenResourcesFiltering - Copying 1 resource from src\main\resources to target\classes
2024-04-10 14:12:22,901 [Worker-28: Building] INFO  o.a.m.s.f.DefaultMavenResourcesFiltering - Copying 0 resource from src\main\resources to target\classes
2024-04-10 14:12:22,904 [Worker-28: Building] INFO  o.a.m.s.f.DefaultMavenResourcesFiltering - skip non existing resourceDirectory C:\Users\AHIRAY\Desktop\ECommerce\Shoppingcart\src\test\resources
2024-04-10 14:15:06,472 [Worker-30: Building] INFO  o.a.m.s.f.DefaultMavenResourcesFiltering - Copying 1 resource from src\main\resources to target\classes
2024-04-10 14:15:06,478 [Worker-30: Building] INFO  o.a.m.s.f.DefaultMavenResourcesFiltering - Copying 0 resource from src\main\resources to target\classes
2024-04-10 14:15:06,484 [Worker-30: Building] INFO  o.a.m.s.f.DefaultMavenResourcesFiltering - skip non existing resourceDirectory C:\Users\AHIRAY\Desktop\ECommerce\Shoppingcart\src\test\resources
2024-04-10 14:15:53,108 [Worker-24: Building] INFO  o.a.m.s.f.DefaultMavenResourcesFiltering - Copying 1 resource from src\main\resources to target\classes
2024-04-10 14:15:53,113 [Worker-24: Building] INFO  o.a.m.s.f.DefaultMavenResourcesFiltering - Copying 0 resource from src\main\resources to target\classes
2024-04-10 14:15:53,116 [Worker-24: Building] INFO  o.a.m.s.f.DefaultMavenResourcesFiltering - skip non existing resourceDirectory C:\Users\AHIRAY\Desktop\ECommerce\Shoppingcart\src\test\resources
2024-04-10 14:16:00,142 [Worker-31: Building] INFO  o.a.m.s.f.DefaultMavenResourcesFiltering - Copying 1 resource from src\main\resources to target\classes
2024-04-10 14:16:00,146 [Worker-31: Building] INFO  o.a.m.s.f.DefaultMavenResourcesFiltering - Copying 0 resource from src\main\resources to target\classes
2024-04-10 14:16:00,149 [Worker-31: Building] INFO  o.a.m.s.f.DefaultMavenResourcesFiltering - skip non existing resourceDirectory C:\Users\AHIRAY\Desktop\ECommerce\Shoppingcart\src\test\resources
2024-04-10 14:18:00,359 [Worker-31: Building] INFO  o.a.m.s.f.DefaultMavenResourcesFiltering - Copying 1 resource from src\main\resources to target\classes
2024-04-10 14:18:00,363 [Worker-31: Building] INFO  o.a.m.s.f.DefaultMavenResourcesFiltering - Copying 0 resource from src\main\resources to target\classes
2024-04-10 14:18:00,366 [Worker-31: Building] INFO  o.a.m.s.f.DefaultMavenResourcesFiltering - skip non existing resourceDirectory C:\Users\AHIRAY\Desktop\ECommerce\Shoppingcart\src\test\resources
2024-04-10 14:19:36,380 [Worker-32: Building] INFO  o.a.m.s.f.DefaultMavenResourcesFiltering - Copying 1 resource from src\main\resources to target\classes
2024-04-10 14:19:36,384 [Worker-32: Building] INFO  o.a.m.s.f.DefaultMavenResourcesFiltering - Copying 0 resource from src\main\resources to target\classes
2024-04-10 14:19:36,388 [Worker-32: Building] INFO  o.a.m.s.f.DefaultMavenResourcesFiltering - skip non existing resourceDirectory C:\Users\AHIRAY\Desktop\ECommerce\Shoppingcart\src\test\resources
2024-04-10 14:20:40,861 [Worker-24: Building] INFO  o.a.m.s.f.DefaultMavenResourcesFiltering - Copying 1 resource from src\main\resources to target\classes
2024-04-10 14:20:40,867 [Worker-24: Building] INFO  o.a.m.s.f.DefaultMavenResourcesFiltering - Copying 0 resource from src\main\resources to target\classes
2024-04-10 14:20:40,871 [Worker-24: Building] INFO  o.a.m.s.f.DefaultMavenResourcesFiltering - skip non existing resourceDirectory C:\Users\AHIRAY\Desktop\ECommerce\Shoppingcart\src\test\resources
2024-04-10 14:23:30,242 [Worker-30: Building] INFO  o.a.m.s.f.DefaultMavenResourcesFiltering - Copying 1 resource from src\main\resources to target\classes
2024-04-10 14:23:30,246 [Worker-30: Building] INFO  o.a.m.s.f.DefaultMavenResourcesFiltering - Copying 0 resource from src\main\resources to target\classes
2024-04-10 14:23:30,250 [Worker-30: Building] INFO  o.a.m.s.f.DefaultMavenResourcesFiltering - skip non existing resourceDirectory C:\Users\AHIRAY\Desktop\ECommerce\Shoppingcart\src\test\resources
2024-04-10 15:15:26,259 [Worker-39: Building] INFO  o.a.m.s.f.DefaultMavenResourcesFiltering - Copying 1 resource from src\main\resources to target\classes
2024-04-10 15:15:26,392 [Worker-39: Building] INFO  o.a.m.s.f.DefaultMavenResourcesFiltering - Copying 0 resource from src\main\resources to target\classes
2024-04-10 15:15:26,402 [Worker-39: Building] INFO  o.a.m.s.f.DefaultMavenResourcesFiltering - skip non existing resourceDirectory C:\Users\AHIRAY\Desktop\ECommerce\Shoppingcart\src\test\resources
2024-04-10 15:16:18,942 [Worker-30: Building] INFO  o.a.m.s.f.DefaultMavenResourcesFiltering - Copying 1 resource from src\main\resources to target\classes
2024-04-10 15:16:18,982 [Worker-30: Building] INFO  o.a.m.s.f.DefaultMavenResourcesFiltering - Copying 0 resource from src\main\resources to target\classes
2024-04-10 15:16:18,990 [Worker-30: Building] INFO  o.a.m.s.f.DefaultMavenResourcesFiltering - skip non existing resourceDirectory C:\Users\AHIRAY\Desktop\ECommerce\Shoppingcart\src\test\resources
2024-04-10 15:16:35,037 [Worker-30: Building] INFO  o.a.m.s.f.DefaultMavenResourcesFiltering - Copying 1 resource from src\main\resources to target\classes
2024-04-10 15:16:35,053 [Worker-30: Building] INFO  o.a.m.s.f.DefaultMavenResourcesFiltering - Copying 0 resource from src\main\resources to target\classes
2024-04-10 15:16:35,063 [Worker-30: Building] INFO  o.a.m.s.f.DefaultMavenResourcesFiltering - skip non existing resourceDirectory C:\Users\AHIRAY\Desktop\ECommerce\Shoppingcart\src\test\resources
2024-04-10 15:16:58,613 [Worker-38: Building] INFO  o.a.m.s.f.DefaultMavenResourcesFiltering - Copying 1 resource from src\main\resources to target\classes
2024-04-10 15:16:58,631 [Worker-38: Building] INFO  o.a.m.s.f.DefaultMavenResourcesFiltering - Copying 0 resource from src\main\resources to target\classes
2024-04-10 15:16:58,641 [Worker-38: Building] INFO  o.a.m.s.f.DefaultMavenResourcesFiltering - skip non existing resourceDirectory C:\Users\AHIRAY\Desktop\ECommerce\Shoppingcart\src\test\resources
2024-04-10 15:26:01,696 [Worker-43: Building] INFO  o.a.m.s.f.DefaultMavenResourcesFiltering - Copying 1 resource from src\main\resources to target\classes
2024-04-10 15:26:01,712 [Worker-43: Building] INFO  o.a.m.s.f.DefaultMavenResourcesFiltering - Copying 0 resource from src\main\resources to target\classes
2024-04-10 15:26:01,754 [Worker-43: Building] INFO  o.a.m.s.f.DefaultMavenResourcesFiltering - skip non existing resourceDirectory C:\Users\AHIRAY\Desktop\ECommerce\Shoppingcart\src\test\resources
2024-04-10 15:30:17,854 [Worker-42: Building] INFO  o.a.m.s.f.DefaultMavenResourcesFiltering - Copying 1 resource from src\main\resources to target\classes
2024-04-10 15:30:17,862 [Worker-42: Building] INFO  o.a.m.s.f.DefaultMavenResourcesFiltering - Copying 0 resource from src\main\resources to target\classes
2024-04-10 15:30:17,871 [Worker-42: Building] INFO  o.a.m.s.f.DefaultMavenResourcesFiltering - skip non existing resourceDirectory C:\Users\AHIRAY\Desktop\ECommerce\Shoppingcart\src\test\resources
2024-04-10 15:33:17,550 [Worker-41: Building] INFO  o.a.m.s.f.DefaultMavenResourcesFiltering - Copying 1 resource from src\main\resources to target\classes
2024-04-10 15:33:17,574 [Worker-41: Building] INFO  o.a.m.s.f.DefaultMavenResourcesFiltering - Copying 0 resource from src\main\resources to target\classes
2024-04-10 15:33:17,583 [Worker-41: Building] INFO  o.a.m.s.f.DefaultMavenResourcesFiltering - skip non existing resourceDirectory C:\Users\AHIRAY\Desktop\ECommerce\Shoppingcart\src\test\resources
2024-04-10 15:36:13,244 [Worker-43: Building] INFO  o.a.m.s.f.DefaultMavenResourcesFiltering - Copying 1 resource from src\main\resources to target\classes
2024-04-10 15:36:13,252 [Worker-43: Building] INFO  o.a.m.s.f.DefaultMavenResourcesFiltering - Copying 0 resource from src\main\resources to target\classes
2024-04-10 15:36:13,266 [Worker-43: Building] INFO  o.a.m.s.f.DefaultMavenResourcesFiltering - skip non existing resourceDirectory C:\Users\AHIRAY\Desktop\ECommerce\Shoppingcart\src\test\resources
2024-04-10 15:36:27,123 [Worker-41: Building] INFO  o.a.m.s.f.DefaultMavenResourcesFiltering - Copying 1 resource from src\main\resources to target\classes
2024-04-10 15:36:27,132 [Worker-41: Building] INFO  o.a.m.s.f.DefaultMavenResourcesFiltering - Copying 0 resource from src\main\resources to target\classes
2024-04-10 15:36:27,138 [Worker-41: Building] INFO  o.a.m.s.f.DefaultMavenResourcesFiltering - skip non existing resourceDirectory C:\Users\AHIRAY\Desktop\ECommerce\Shoppingcart\src\test\resources
2024-04-10 15:46:19,495 [Worker-47: Building] INFO  o.a.m.s.f.DefaultMavenResourcesFiltering - Copying 1 resource from src\main\resources to target\classes
2024-04-10 15:46:19,513 [Worker-47: Building] INFO  o.a.m.s.f.DefaultMavenResourcesFiltering - Copying 0 resource from src\main\resources to target\classes
2024-04-10 15:46:19,519 [Worker-47: Building] INFO  o.a.m.s.f.DefaultMavenResourcesFiltering - skip non existing resourceDirectory C:\Users\AHIRAY\Desktop\ECommerce\Shoppingcart\src\test\resources
2024-04-10 15:49:42,603 [Worker-47: Building] INFO  o.a.m.s.f.DefaultMavenResourcesFiltering - Copying 1 resource from src\main\resources to target\classes
2024-04-10 15:49:42,614 [Worker-47: Building] INFO  o.a.m.s.f.DefaultMavenResourcesFiltering - Copying 0 resource from src\main\resources to target\classes
2024-04-10 15:49:42,622 [Worker-47: Building] INFO  o.a.m.s.f.DefaultMavenResourcesFiltering - skip non existing resourceDirectory C:\Users\AHIRAY\Desktop\ECommerce\Shoppingcart\src\test\resources
2024-04-10 16:45:53,044 [Worker-1: Loading available Gradle versions] INFO  o.e.b.c.i.u.g.PublishedGradleVersions - Gradle version information cache is up-to-date. Trying to read.
2024-04-10 16:49:49,653 [Worker-9: Building] INFO  o.a.m.s.f.DefaultMavenResourcesFiltering - Copying 1 resource from src\main\resources to target\classes
2024-04-10 16:49:49,788 [Worker-9: Building] INFO  o.a.m.s.f.DefaultMavenResourcesFiltering - Copying 9 resources from src\main\resources to target\classes
2024-04-10 16:49:49,929 [Worker-9: Building] INFO  o.a.m.s.f.DefaultMavenResourcesFiltering - skip non existing resourceDirectory C:\Users\AHIRAY\Desktop\ECommerce\Product_Management_Backend\src\test\resources
2024-04-10 16:49:52,603 [Worker-9: Building] INFO  o.a.m.s.f.DefaultMavenResourcesFiltering - Copying 1 resource from src\main\resources to target\classes
2024-04-10 16:49:52,610 [Worker-9: Building] INFO  o.a.m.s.f.DefaultMavenResourcesFiltering - Copying 0 resource from src\main\resources to target\classes
2024-04-10 16:49:52,617 [Worker-9: Building] INFO  o.a.m.s.f.DefaultMavenResourcesFiltering - skip non existing resourceDirectory C:\Users\AHIRAY\Desktop\ECommerce\Register\src\test\resources
2024-04-10 16:49:54,836 [Worker-9: Building] INFO  o.a.m.s.f.DefaultMavenResourcesFiltering - Copying 1 resource from src\main\resources to target\classes
2024-04-10 16:49:54,843 [Worker-9: Building] INFO  o.a.m.s.f.DefaultMavenResourcesFiltering - Copying 0 resource from src\main\resources to target\classes
2024-04-10 16:49:54,848 [Worker-9: Building] INFO  o.a.m.s.f.DefaultMavenResourcesFiltering - skip non existing resourceDirectory C:\Users\AHIRAY\Desktop\ECommerce\User-Service\src\test\resources
2024-04-10 16:49:57,084 [Worker-9: Building] INFO  o.e.m.c.i.p.WorkspaceClassifierResolverManager - Resolving P/User-Service: com.log:User-Service:0.0.1-SNAPSHOT with classifier  to /User-Service/target/classes
2024-04-10 16:49:57,090 [Worker-9: Building] INFO  o.e.m.c.i.p.WorkspaceClassifierResolverManager - Resolving P/Product_Management_Backend: com.product:Product_Management_Backend:0.0.1-SNAPSHOT with classifier  to /Product_Management_Backend/target/classes
2024-04-10 16:49:57,107 [Worker-9: Building] INFO  o.a.m.s.f.DefaultMavenResourcesFiltering - Copying 1 resource from src\main\resources to target\classes
2024-04-10 16:49:57,113 [Worker-9: Building] INFO  o.a.m.s.f.DefaultMavenResourcesFiltering - Copying 0 resource from src\main\resources to target\classes
2024-04-10 16:49:57,118 [Worker-9: Building] INFO  o.a.m.s.f.DefaultMavenResourcesFiltering - skip non existing resourceDirectory C:\Users\AHIRAY\Desktop\ECommerce\Shoppingcart\src\test\resources
2024-04-10 16:50:05,758 [Worker-21: Building] INFO  o.a.m.s.f.DefaultMavenResourcesFiltering - Copying 1 resource from src\main\resources to target\classes
2024-04-10 16:50:05,764 [Worker-21: Building] INFO  o.a.m.s.f.DefaultMavenResourcesFiltering - Copying 0 resource from src\main\resources to target\classes
2024-04-10 16:50:05,769 [Worker-21: Building] INFO  o.a.m.s.f.DefaultMavenResourcesFiltering - skip non existing resourceDirectory C:\Users\AHIRAY\Desktop\ECommerce\Shoppingcart\src\test\resources
